SF:lib/src/client/api_client.dart
DA:7,0
DA:8,0
DA:9,0
DA:10,0
DA:11,0
DA:14,0
DA:15,0
DA:18,0
DA:19,0
LF:9
LH:0
end_of_record
SF:lib/src/utils/storage.dart
DA:7,0
DA:8,0
DA:9,0
DA:12,0
DA:13,0
DA:14,0
DA:17,0
DA:18,0
DA:19,0
DA:22,0
DA:23,0
DA:24,0
DA:30,0
DA:31,0
DA:32,0
DA:33,0
DA:36,0
DA:37,0
DA:38,0
DA:41,0
DA:42,0
DA:43,0
DA:46,0
DA:47,0
DA:48,0
DA:49,0
LF:26
LH:0
end_of_record
SF:lib/src/client/persona_click.dart
DA:17,0
DA:22,0
DA:23,0
DA:24,0
DA:25,0
DA:34,0
DA:37,1
DA:39,1
DA:42,1
DA:52,1
DA:54,1
DA:55,1
DA:58,3
DA:66,1
DA:72,2
DA:77,1
DA:80,0
DA:83,2
DA:87,1
DA:89,1
DA:92,2
DA:93,1
DA:94,0
DA:97,4
DA:98,2
DA:99,1
DA:100,1
DA:101,2
DA:103,1
DA:104,0
DA:107,2
DA:113,2
DA:114,2
DA:118,1
DA:119,2
DA:120,2
DA:123,2
DA:124,1
DA:128,1
DA:131,2
DA:139,1
DA:141,2
DA:147,1
DA:148,1
DA:151,2
DA:153,0
DA:157,1
DA:160,1
DA:162,1
DA:163,2
DA:164,1
DA:165,1
DA:166,1
DA:167,1
DA:168,0
DA:169,2
DA:173,1
DA:175,0
DA:181,1
DA:187,2
DA:196,1
DA:205,2
DA:217,1
DA:223,2
DA:232,1
DA:238,2
DA:247,1
DA:251,2
DA:258,1
DA:262,2
DA:269,1
DA:278,2
DA:290,1
DA:297,2
DA:307,1
DA:312,2
LF:76
LH:64
end_of_record
SF:lib/src/models/events.dart
DA:18,1
DA:25,1
DA:27,1
DA:28,2
DA:29,3
DA:30,6
DA:31,3
DA:32,1
DA:49,1
DA:59,1
DA:61,1
DA:62,2
DA:63,1
DA:64,2
DA:65,3
DA:66,6
DA:67,1
DA:68,1
DA:82,1
DA:89,1
DA:91,1
DA:92,2
DA:93,1
DA:94,2
DA:95,3
DA:96,1
DA:110,1
DA:117,1
DA:119,1
DA:120,2
DA:121,1
DA:122,4
DA:123,3
DA:124,1
DA:136,1
DA:141,1
DA:143,1
DA:144,2
DA:145,1
DA:146,4
DA:158,1
DA:163,1
DA:165,1
DA:166,2
DA:167,1
DA:168,4
DA:182,1
DA:192,1
DA:193,1
DA:195,1
DA:197,1
DA:198,2
DA:199,1
DA:200,3
DA:201,3
DA:202,3
DA:203,3
DA:204,1
DA:219,1
DA:227,1
DA:229,1
DA:230,2
DA:231,1
DA:232,4
DA:233,3
DA:234,3
DA:235,1
DA:248,1
DA:254,1
DA:256,1
DA:257,2
DA:258,1
DA:259,2
DA:260,1
LF:74
LH:74
end_of_record
SF:lib/src/models/init_response.dart
DA:9,1
DA:14,1
DA:15,1
DA:16,1
DA:17,1
LF:5
LH:5
end_of_record
SF:lib/src/models/persona_product_item.dart
DA:16,1
DA:24,1
DA:25,1
DA:26,1
DA:29,1
DA:30,2
DA:33,1
DA:34,0
DA:37,1
DA:38,2
LF:10
LH:9
end_of_record
